Message[301] C:\PROGRAM FILES (X86)\MICROCHIP\MPASM SUITE\P16F877A.INC 33 : MESSAGE: (Processor-header file mismatch.  Verify selected processor.)
Warning[215] C:\USERS\HP 88122\DESKTOP\6TO SEMESTRE\LENGUAJES DE INTERFAZ\LENGUAJES\LENGUAJES\SUMADORA\SUMADORA.ASM 9 : Processor superseded by command line.  Verify processor symbol.
Warning[205] C:\USERS\HP 88122\DESKTOP\6TO SEMESTRE\LENGUAJES DE INTERFAZ\LENGUAJES\LENGUAJES\SUMADORA\SUMADORA.ASM 14 : Found directive in column 1. (org)
Message[302] C:\USERS\HP 88122\DESKTOP\6TO SEMESTRE\LENGUAJES DE INTERFAZ\LENGUAJES\LENGUAJES\SUMADORA\SUMADORA.ASM 20 : Register in operand not in bank 0.  Ensure that bank bits are correct.
Message[302] C:\USERS\HP 88122\DESKTOP\6TO SEMESTRE\LENGUAJES DE INTERFAZ\LENGUAJES\LENGUAJES\SUMADORA\SUMADORA.ASM 23 : Register in operand not in bank 0.  Ensure that bank bits are correct.
Message[302] C:\USERS\HP 88122\DESKTOP\6TO SEMESTRE\LENGUAJES DE INTERFAZ\LENGUAJES\LENGUAJES\SUMADORA\SUMADORA.ASM 26 : Register in operand not in bank 0.  Ensure that bank bits are correct.
Warning[203] C:\USERS\HP 88122\DESKTOP\6TO SEMESTRE\LENGUAJES DE INTERFAZ\LENGUAJES\LENGUAJES\SUMADORA\SUMADORA.ASM 34 : Found opcode in column 1. (goto)
Warning[203] C:\USERS\HP 88122\DESKTOP\6TO SEMESTRE\LENGUAJES DE INTERFAZ\LENGUAJES\LENGUAJES\SUMADORA\SUMADORA.ASM 100 : Found opcode in column 1. (return)
Warning[203] C:\USERS\HP 88122\DESKTOP\6TO SEMESTRE\LENGUAJES DE INTERFAZ\LENGUAJES\LENGUAJES\SUMADORA\SUMADORA.ASM 109 : Found opcode in column 1. (return)
Warning[203] C:\USERS\HP 88122\DESKTOP\6TO SEMESTRE\LENGUAJES DE INTERFAZ\LENGUAJES\LENGUAJES\SUMADORA\SUMADORA.ASM 116 : Found opcode in column 1. (return)
Warning[203] C:\USERS\HP 88122\DESKTOP\6TO SEMESTRE\LENGUAJES DE INTERFAZ\LENGUAJES\LENGUAJES\SUMADORA\SUMADORA.ASM 123 : Found opcode in column 1. (return)
Warning[203] C:\USERS\HP 88122\DESKTOP\6TO SEMESTRE\LENGUAJES DE INTERFAZ\LENGUAJES\LENGUAJES\SUMADORA\SUMADORA.ASM 130 : Found opcode in column 1. (return)
Warning[203] C:\USERS\HP 88122\DESKTOP\6TO SEMESTRE\LENGUAJES DE INTERFAZ\LENGUAJES\LENGUAJES\SUMADORA\SUMADORA.ASM 137 : Found opcode in column 1. (return)
Warning[203] C:\USERS\HP 88122\DESKTOP\6TO SEMESTRE\LENGUAJES DE INTERFAZ\LENGUAJES\LENGUAJES\SUMADORA\SUMADORA.ASM 144 : Found opcode in column 1. (return)
Warning[203] C:\USERS\HP 88122\DESKTOP\6TO SEMESTRE\LENGUAJES DE INTERFAZ\LENGUAJES\LENGUAJES\SUMADORA\SUMADORA.ASM 151 : Found opcode in column 1. (return)
Warning[203] C:\USERS\HP 88122\DESKTOP\6TO SEMESTRE\LENGUAJES DE INTERFAZ\LENGUAJES\LENGUAJES\SUMADORA\SUMADORA.ASM 158 : Found opcode in column 1. (return)
Warning[203] C:\USERS\HP 88122\DESKTOP\6TO SEMESTRE\LENGUAJES DE INTERFAZ\LENGUAJES\LENGUAJES\SUMADORA\SUMADORA.ASM 165 : Found opcode in column 1. (return)
Warning[203] C:\USERS\HP 88122\DESKTOP\6TO SEMESTRE\LENGUAJES DE INTERFAZ\LENGUAJES\LENGUAJES\SUMADORA\SUMADORA.ASM 172 : Found opcode in column 1. (return)
Warning[203] C:\USERS\HP 88122\DESKTOP\6TO SEMESTRE\LENGUAJES DE INTERFAZ\LENGUAJES\LENGUAJES\SUMADORA\SUMADORA.ASM 188 : Found opcode in column 1. (return)
Warning[203] C:\USERS\HP 88122\DESKTOP\6TO SEMESTRE\LENGUAJES DE INTERFAZ\LENGUAJES\LENGUAJES\SUMADORA\SUMADORA.ASM 199 : Found opcode in column 1. (return)
Warning[203] C:\USERS\HP 88122\DESKTOP\6TO SEMESTRE\LENGUAJES DE INTERFAZ\LENGUAJES\LENGUAJES\SUMADORA\SUMADORA.ASM 210 : Found opcode in column 1. (return)
Warning[203] C:\USERS\HP 88122\DESKTOP\6TO SEMESTRE\LENGUAJES DE INTERFAZ\LENGUAJES\LENGUAJES\SUMADORA\SUMADORA.ASM 221 : Found opcode in column 1. (return)
Warning[203] C:\USERS\HP 88122\DESKTOP\6TO SEMESTRE\LENGUAJES DE INTERFAZ\LENGUAJES\LENGUAJES\SUMADORA\SUMADORA.ASM 232 : Found opcode in column 1. (btfss)
Warning[203] C:\USERS\HP 88122\DESKTOP\6TO SEMESTRE\LENGUAJES DE INTERFAZ\LENGUAJES\LENGUAJES\SUMADORA\SUMADORA.ASM 233 : Found opcode in column 1. (goto)
Warning[203] C:\USERS\HP 88122\DESKTOP\6TO SEMESTRE\LENGUAJES DE INTERFAZ\LENGUAJES\LENGUAJES\SUMADORA\SUMADORA.ASM 234 : Found opcode in column 1. (goto)
Error[113]   C:\USERS\HP 88122\DESKTOP\6TO SEMESTRE\LENGUAJES DE INTERFAZ\LENGUAJES\LENGUAJES\SUMADORA\SUMADORA.ASM 239 : Symbol not previously defined (COMP1_1)
Error[113]   C:\USERS\HP 88122\DESKTOP\6TO SEMESTRE\LENGUAJES DE INTERFAZ\LENGUAJES\LENGUAJES\SUMADORA\SUMADORA.ASM 243 : Symbol not previously defined (COMP1_2_1)
Warning[203] C:\USERS\HP 88122\DESKTOP\6TO SEMESTRE\LENGUAJES DE INTERFAZ\LENGUAJES\LENGUAJES\SUMADORA\SUMADORA.ASM 251 : Found opcode in column 1. (return)
Warning[207] C:\USERS\HP 88122\DESKTOP\6TO SEMESTRE\LENGUAJES DE INTERFAZ\LENGUAJES\LENGUAJES\SUMADORA\SUMADORA.ASM 261 : Found label after column 1. (LOOP2)
Error[113]   C:\USERS\HP 88122\DESKTOP\6TO SEMESTRE\LENGUAJES DE INTERFAZ\LENGUAJES\LENGUAJES\SUMADORA\SUMADORA.ASM 264 : Symbol not previously defined (z)
Warning[203] C:\USERS\HP 88122\DESKTOP\6TO SEMESTRE\LENGUAJES DE INTERFAZ\LENGUAJES\LENGUAJES\SUMADORA\SUMADORA.ASM 268 : Found opcode in column 1. (return)
Warning[203] C:\USERS\HP 88122\DESKTOP\6TO SEMESTRE\LENGUAJES DE INTERFAZ\LENGUAJES\LENGUAJES\SUMADORA\SUMADORA.ASM 272 : Found opcode in column 1. (return)
Warning[203] C:\USERS\HP 88122\DESKTOP\6TO SEMESTRE\LENGUAJES DE INTERFAZ\LENGUAJES\LENGUAJES\SUMADORA\SUMADORA.ASM 282 : Found opcode in column 1. (return)
Error[113]   C:\USERS\HP 88122\DESKTOP\6TO SEMESTRE\LENGUAJES DE INTERFAZ\LENGUAJES\LENGUAJES\SUMADORA\SUMADORA.ASM 302 : Symbol not previously defined (BIT8_CDU)
Error[113]   C:\USERS\HP 88122\DESKTOP\6TO SEMESTRE\LENGUAJES DE INTERFAZ\LENGUAJES\LENGUAJES\SUMADORA\SUMADORA.ASM 304 : Symbol not previously defined (DEC)
Error[113]   C:\USERS\HP 88122\DESKTOP\6TO SEMESTRE\LENGUAJES DE INTERFAZ\LENGUAJES\LENGUAJES\SUMADORA\SUMADORA.ASM 306 : Symbol not previously defined (UNI)
Warning[207] C:\USERS\HP 88122\DESKTOP\6TO SEMESTRE\LENGUAJES DE INTERFAZ\LENGUAJES\LENGUAJES\SUMADORA\SUMADORA.ASM 323 : Found label after column 1. (LOOP)
Message[305] C:\USERS\HP 88122\DESKTOP\6TO SEMESTRE\LENGUAJES DE INTERFAZ\LENGUAJES\LENGUAJES\SUMADORA\SUMADORA.ASM 323 : Using default destination of 1 (file).
Message[305] C:\USERS\HP 88122\DESKTOP\6TO SEMESTRE\LENGUAJES DE INTERFAZ\LENGUAJES\LENGUAJES\SUMADORA\SUMADORA.ASM 325 : Using default destination of 1 (file).
Warning[203] C:\USERS\HP 88122\DESKTOP\6TO SEMESTRE\LENGUAJES DE INTERFAZ\LENGUAJES\LENGUAJES\SUMADORA\SUMADORA.ASM 329 : Found opcode in column 1. (return)
Warning[205] C:\USERS\HP 88122\DESKTOP\6TO SEMESTRE\LENGUAJES DE INTERFAZ\LENGUAJES\LENGUAJES\SUMADORA\SUMADORA.ASM 333 : Found directive in column 1. (INCLUDE)
Error[105]   C:\USERS\HP 88122\DESKTOP\6TO SEMESTRE\LENGUAJES DE INTERFAZ\LENGUAJES\LENGUAJES\SUMADORA\SUMADORA.ASM 333 : Cannot open file (Include File "DCU.INC" not found)
Warning[205] C:\USERS\HP 88122\DESKTOP\6TO SEMESTRE\LENGUAJES DE INTERFAZ\LENGUAJES\LENGUAJES\SUMADORA\SUMADORA.ASM 334 : Found directive in column 1. (end)
